Processing gateway (platform: espressif32; board: heltec_wifi_lora_32_V3; framework: arduino)
--------------------------------------------------------------------------------
Verbose mode can be enabled via `-v, --verbose` option
CONFIGURATION: https://docs.platformio.org/page/boards/espressif32/heltec_wifi_lora_32_V3.html
PLATFORM: Espressif 32 (6.13.0) > Heltec WiFi LoRa 32 (V3)
HARDWARE: ESP32S3 240MHz, 320KB RAM, 8MB Flash
DEBUG: Current (cmsis-dap) External (cmsis-dap, esp-bridge, esp-builtin, esp-prog, iot-bus-jtag, jlink, minimodule, olimex-arm-usb-ocd, olimex-arm-usb-ocd-h, olimex-arm-usb-tiny-h, olimex-jtag-tiny, tumpa)
PACKAGES: 
 - framework-arduinoespressif32 @ 3.20017.241212+sha.dcc1105b 
 - tool-esptoolpy @ 2.41100.0 (4.11.0) 
 - toolchain-riscv32-esp @ 8.4.0+2021r2-patch5 
 - toolchain-xtensa-esp32s3 @ 8.4.0+2021r2-patch5
LDF: Library Dependency Finder -> https://bit.ly/configure-pio-ldf
LDF Modes: Finder ~ chain, Compatibility ~ soft
Found 40 compatible libraries
Scanning dependencies...
Dependency Graph
|-- RadioLib @ 7.6.0
|-- lora_gateway
|-- WebServer @ 2.0.0
|-- WiFi @ 2.0.0
Building in release mode
Compiling .pio\build\gateway\src\gateway\main.cpp.o
Building .pio\build\gateway\bootloader.bin
Generating partitions .pio\build\gateway\partitions.bin
esptool.py v4.11.0
Creating esp32s3 image...
Merged 1 ELF section
Successfully created esp32s3 image.
Compiling .pio\build\gateway\lib274\SPI\SPI.cpp.o
Compiling .pio\build\gateway\lib55f\RadioLib\Hal.cpp.o
Compiling .pio\build\gateway\lib55f\RadioLib\Module.cpp.o
Compiling .pio\build\gateway\lib55f\RadioLib\hal\Arduino\ArduinoHal.cpp.o
Compiling .pio\build\gateway\lib55f\RadioLib\hal\RPiPico\PicoHal.cpp.o
Compiling .pio\build\gateway\lib55f\RadioLib\modules\CC1101\CC1101.cpp.o
Compiling .pio\build\gateway\lib55f\RadioLib\modules\LLCC68\LLCC68.cpp.o
Compiling .pio\build\gateway\lib55f\RadioLib\modules\LR11x0\LR1110.cpp.o
Compiling .pio\build\gateway\lib55f\RadioLib\modules\LR11x0\LR1120.cpp.o
Compiling .pio\build\gateway\lib55f\RadioLib\modules\LR11x0\LR1121.cpp.o
Compiling .pio\build\gateway\lib55f\RadioLib\modules\LR11x0\LR11x0.cpp.o
Compiling .pio\build\gateway\lib55f\RadioLib\modules\LR11x0\LR11x0_commands.cpp.o
Compiling .pio\build\gateway\lib55f\RadioLib\modules\LR11x0\LR11x0_crypto.cpp.o
Compiling .pio\build\gateway\lib55f\RadioLib\modules\LR11x0\LR11x0_gnss.cpp.o
Compiling .pio\build\gateway\lib55f\RadioLib\modules\LR11x0\LR11x0_wifi.cpp.o
Compiling .pio\build\gateway\lib55f\RadioLib\modules\LR11x0\LR_common.cpp.o
Archiving .pio\build\gateway\lib274\libSPI.a
Indexing .pio\build\gateway\lib274\libSPI.a
Compiling .pio\build\gateway\lib55f\RadioLib\modules\LR2021\LR2021.cpp.o
Compiling .pio\build\gateway\lib55f\RadioLib\modules\LR2021\LR2021_cmds_chip_control.cpp.o
Compiling .pio\build\gateway\lib55f\RadioLib\modules\LR2021\LR2021_cmds_flrc.cpp.o
Compiling .pio\build\gateway\lib55f\RadioLib\modules\LR2021\LR2021_cmds_gfsk.cpp.o
Compiling .pio\build\gateway\lib55f\RadioLib\modules\LR2021\LR2021_cmds_lora.cpp.o
Compiling .pio\build\gateway\lib55f\RadioLib\modules\LR2021\LR2021_cmds_misc.cpp.o
Compiling .pio\build\gateway\lib55f\RadioLib\modules\LR2021\LR2021_cmds_ook.cpp.o
Compiling .pio\build\gateway\lib55f\RadioLib\modules\LR2021\LR2021_cmds_oqpsk.cpp.o
Compiling .pio\build\gateway\lib55f\RadioLib\modules\LR2021\LR2021_cmds_radio.cpp.o
Compiling .pio\build\gateway\lib55f\RadioLib\modules\LR2021\LR2021_cmds_ranging.cpp.o
Compiling .pio\build\gateway\lib55f\RadioLib\modules\LR2021\LR2021_config.cpp.o
Compiling .pio\build\gateway\lib55f\RadioLib\modules\RF69\RF69.cpp.o
Compiling .pio\build\gateway\lib55f\RadioLib\modules\SX123x\SX1231.cpp.o
Compiling .pio\build\gateway\lib55f\RadioLib\modules\SX123x\SX1233.cpp.o
Compiling .pio\build\gateway\lib55f\RadioLib\modules\SX126x\STM32WLx.cpp.o
Compiling .pio\build\gateway\lib55f\RadioLib\modules\SX126x\STM32WLx_Module.cpp.o
Compiling .pio\build\gateway\lib55f\RadioLib\modules\SX126x\SX1261.cpp.o
Compiling .pio\build\gateway\lib55f\RadioLib\modules\SX126x\SX1262.cpp.o
Compiling .pio\build\gateway\lib55f\RadioLib\modules\SX126x\SX1268.cpp.o
Compiling .pio\build\gateway\lib55f\RadioLib\modules\SX126x\SX126x.cpp.o
Compiling .pio\build\gateway\lib55f\RadioLib\modules\SX126x\SX126x_LR_FHSS.cpp.o
Compiling .pio\build\gateway\lib55f\RadioLib\modules\SX126x\SX126x_commands.cpp.o
Compiling .pio\build\gateway\lib55f\RadioLib\modules\SX126x\SX126x_config.cpp.o
Compiling .pio\build\gateway\lib55f\RadioLib\modules\SX127x\SX1272.cpp.o
Compiling .pio\build\gateway\lib55f\RadioLib\modules\SX127x\SX1273.cpp.o
Compiling .pio\build\gateway\lib55f\RadioLib\modules\SX127x\SX1276.cpp.o
Compiling .pio\build\gateway\lib55f\RadioLib\modules\SX127x\SX1277.cpp.o
Compiling .pio\build\gateway\lib55f\RadioLib\modules\SX127x\SX1278.cpp.o
Compiling .pio\build\gateway\lib55f\RadioLib\modules\SX127x\SX1279.cpp.o
Compiling .pio\build\gateway\lib55f\RadioLib\modules\SX127x\SX127x.cpp.o
Compiling .pio\build\gateway\lib55f\RadioLib\modules\SX128x\SX1280.cpp.o
Compiling .pio\build\gateway\lib55f\RadioLib\modules\SX128x\SX1281.cpp.o
Compiling .pio\build\gateway\lib55f\RadioLib\modules\SX128x\SX1282.cpp.o
Compiling .pio\build\gateway\lib55f\RadioLib\modules\SX128x\SX128x.cpp.o
Compiling .pio\build\gateway\lib55f\RadioLib\modules\Si443x\Si4430.cpp.o
Compiling .pio\build\gateway\lib55f\RadioLib\modules\Si443x\Si4431.cpp.o
Compiling .pio\build\gateway\lib55f\RadioLib\modules\Si443x\Si4432.cpp.o
Compiling .pio\build\gateway\lib55f\RadioLib\modules\Si443x\Si443x.cpp.o
Compiling .pio\build\gateway\lib55f\RadioLib\modules\nRF24\nRF24.cpp.o
Compiling .pio\build\gateway\lib55f\RadioLib\protocols\ADSB\ADSB.cpp.o
Compiling .pio\build\gateway\lib55f\RadioLib\protocols\AFSK\AFSK.cpp.o
Compiling .pio\build\gateway\lib55f\RadioLib\protocols\APRS\APRS.cpp.o
Compiling .pio\build\gateway\lib55f\RadioLib\protocols\AX25\AX25.cpp.o
Compiling .pio\build\gateway\lib55f\RadioLib\protocols\BellModem\BellModem.cpp.o
Compiling .pio\build\gateway\lib55f\RadioLib\protocols\ExternalRadio\ExternalRadio.cpp.o
Compiling .pio\build\gateway\lib55f\RadioLib\protocols\FSK4\FSK4.cpp.o
Compiling .pio\build\gateway\lib55f\RadioLib\protocols\Hellschreiber\Hellschreiber.cpp.o
Compiling .pio\build\gateway\lib55f\RadioLib\protocols\LoRaWAN\LoRaWAN.cpp.o
Compiling .pio\build\gateway\lib55f\RadioLib\protocols\LoRaWAN\LoRaWANBands.cpp.o
Compiling .pio\build\gateway\lib55f\RadioLib\protocols\Morse\Morse.cpp.o
Compiling .pio\build\gateway\lib55f\RadioLib\protocols\Pager\Pager.cpp.o
Compiling .pio\build\gateway\lib55f\RadioLib\protocols\PhysicalLayer\PhysicalLayer.cpp.o
Compiling .pio\build\gateway\lib55f\RadioLib\protocols\Print\ITA2String.cpp.o
Compiling .pio\build\gateway\lib55f\RadioLib\protocols\Print\Print.cpp.o
Compiling .pio\build\gateway\lib55f\RadioLib\protocols\RTTY\RTTY.cpp.o
Compiling .pio\build\gateway\lib55f\RadioLib\protocols\SSTV\SSTV.cpp.o
Compiling .pio\build\gateway\lib55f\RadioLib\utils\CRC.cpp.o
Compiling .pio\build\gateway\lib55f\RadioLib\utils\Cryptography.cpp.o
Compiling .pio\build\gateway\lib55f\RadioLib\utils\FEC.cpp.o
Compiling .pio\build\gateway\lib55f\RadioLib\utils\Utils.cpp.o
Compiling .pio\build\gateway\libd7d\lora_gateway\lora_gateway.cpp.o
Compiling .pio\build\gateway\lib5e5\WiFi\WiFi.cpp.o
Compiling .pio\build\gateway\lib5e5\WiFi\WiFiAP.cpp.o
Compiling .pio\build\gateway\lib5e5\WiFi\WiFiClient.cpp.o
Compiling .pio\build\gateway\lib5e5\WiFi\WiFiGeneric.cpp.o
Compiling .pio\build\gateway\lib5e5\WiFi\WiFiMulti.cpp.o
Compiling .pio\build\gateway\lib5e5\WiFi\WiFiSTA.cpp.o
Compiling .pio\build\gateway\lib5e5\WiFi\WiFiScan.cpp.o
Compiling .pio\build\gateway\lib5e5\WiFi\WiFiServer.cpp.o
Compiling .pio\build\gateway\lib5e5\WiFi\WiFiUdp.cpp.o
Compiling .pio\build\gateway\lib507\FS\FS.cpp.o
Compiling .pio\build\gateway\lib507\FS\vfs_api.cpp.o
Archiving .pio\build\gateway\lib55f\libRadioLib.a
Indexing .pio\build\gateway\lib55f\libRadioLib.a
Compiling .pio\build\gateway\libf20\WebServer\Parsing.cpp.o
Compiling .pio\build\gateway\libf20\WebServer\WebServer.cpp.o
Archiving .pio\build\gateway\libd7d\liblora_gateway.a
Compiling .pio\build\gateway\libf20\WebServer\detail\mimetable.cpp.o
Indexing .pio\build\gateway\libd7d\liblora_gateway.a
Compiling .pio\build\gateway\FrameworkArduino\Esp.cpp.o
Compiling .pio\build\gateway\FrameworkArduino\FirmwareMSC.cpp.o
Compiling .pio\build\gateway\FrameworkArduino\FunctionalInterrupt.cpp.o
Compiling .pio\build\gateway\FrameworkArduino\HWCDC.cpp.o
Compiling .pio\build\gateway\FrameworkArduino\HardwareSerial.cpp.o
Compiling .pio\build\gateway\FrameworkArduino\IPAddress.cpp.o
Compiling .pio\build\gateway\FrameworkArduino\IPv6Address.cpp.o
Compiling .pio\build\gateway\FrameworkArduino\MD5Builder.cpp.o
Compiling .pio\build\gateway\FrameworkArduino\Print.cpp.o
Compiling .pio\build\gateway\FrameworkArduino\Stream.cpp.o
Compiling .pio\build\gateway\FrameworkArduino\StreamString.cpp.o
Compiling .pio\build\gateway\FrameworkArduino\Tone.cpp.o
Archiving .pio\build\gateway\lib5e5\libWiFi.a
Indexing .pio\build\gateway\lib5e5\libWiFi.a
Compiling .pio\build\gateway\FrameworkArduino\USB.cpp.o
Compiling .pio\build\gateway\FrameworkArduino\USBCDC.cpp.o
Compiling .pio\build\gateway\FrameworkArduino\USBMSC.cpp.o
Archiving .pio\build\gateway\lib507\libFS.a
Indexing .pio\build\gateway\lib507\libFS.a
Compiling .pio\build\gateway\FrameworkArduino\WMath.cpp.o
Compiling .pio\build\gateway\FrameworkArduino\WString.cpp.o
Compiling .pio\build\gateway\FrameworkArduino\base64.cpp.o
Compiling .pio\build\gateway\FrameworkArduino\cbuf.cpp.o
Compiling .pio\build\gateway\FrameworkArduino\esp32-hal-adc.c.o
Compiling .pio\build\gateway\FrameworkArduino\esp32-hal-bt.c.o
Compiling .pio\build\gateway\FrameworkArduino\esp32-hal-cpu.c.o
Compiling .pio\build\gateway\FrameworkArduino\esp32-hal-dac.c.o
Compiling .pio\build\gateway\FrameworkArduino\esp32-hal-gpio.c.o
Compiling .pio\build\gateway\FrameworkArduino\esp32-hal-i2c-slave.c.o
Compiling .pio\build\gateway\FrameworkArduino\esp32-hal-i2c.c.o
Compiling .pio\build\gateway\FrameworkArduino\esp32-hal-ledc.c.o
Archiving .pio\build\gateway\libf20\libWebServer.a
Compiling .pio\build\gateway\FrameworkArduino\esp32-hal-matrix.c.o
Compiling .pio\build\gateway\FrameworkArduino\esp32-hal-misc.c.o
Compiling .pio\build\gateway\FrameworkArduino\esp32-hal-psram.c.o
Indexing .pio\build\gateway\libf20\libWebServer.a
Compiling .pio\build\gateway\FrameworkArduino\esp32-hal-rgb-led.c.o
Compiling .pio\build\gateway\FrameworkArduino\esp32-hal-rmt.c.o
Compiling .pio\build\gateway\FrameworkArduino\esp32-hal-sigmadelta.c.o
Compiling .pio\build\gateway\FrameworkArduino\esp32-hal-spi.c.o
Compiling .pio\build\gateway\FrameworkArduino\esp32-hal-time.c.o
Compiling .pio\build\gateway\FrameworkArduino\esp32-hal-timer.c.o
Compiling .pio\build\gateway\FrameworkArduino\esp32-hal-tinyusb.c.o
Compiling .pio\build\gateway\FrameworkArduino\esp32-hal-touch.c.o
Compiling .pio\build\gateway\FrameworkArduino\esp32-hal-uart.c.o
Compiling .pio\build\gateway\FrameworkArduino\firmware_msc_fat.c.o
Compiling .pio\build\gateway\FrameworkArduino\libb64\cdecode.c.o
Compiling .pio\build\gateway\FrameworkArduino\libb64\cencode.c.o
Compiling .pio\build\gateway\FrameworkArduino\main.cpp.o
Compiling .pio\build\gateway\FrameworkArduino\stdlib_noniso.c.o
Compiling .pio\build\gateway\FrameworkArduino\wiring_pulse.c.o
Compiling .pio\build\gateway\FrameworkArduino\wiring_shift.c.o
Archiving .pio\build\gateway\libFrameworkArduino.a
Indexing .pio\build\gateway\libFrameworkArduino.a
Linking .pio\build\gateway\firmware.elf
Retrieving maximum program size .pio\build\gateway\firmware.elf
Checking size .pio\build\gateway\firmware.elf
Advanced Memory Usage is available via "PlatformIO Home > Project Inspect"
RAM:   [=         ]  14.0% (used 45872 bytes from 327680 bytes)
Flash: [==        ]  22.9% (used 766949 bytes from 3342336 bytes)
Building .pio\build\gateway\firmware.bin
esptool.py v4.11.0
Creating esp32s3 image...
Merged 2 ELF sections
Successfully created esp32s3 image.
========================= [SUCCESS] Took 18.29 seconds =========================

Environment    Status    Duration
-------------  --------  ------------
gateway        SUCCESS   00:00:18.293
========================= 1 succeeded in 00:00:18.293 =========================
